-------------------------------------------------------------------------------
Test set: sg.edu.nus.StackAnnotation.AppTest
-------------------------------------------------------------------------------
Tests run: 1, Failures: 1, Errors: 0, Skipped: 0, Time elapsed: 0.13 s <<< FAILURE! - in sg.edu.nus.StackAnnotation.AppTest
shouldAnswerWithTrue(sg.edu.nus.StackAnnotation.AppTest)  Time elapsed: 0.013 s  <<< FAILURE!
java.lang.AssertionError
	at sg.edu.nus.StackAnnotation.AppTest.shouldAnswerWithTrue(AppTest.java:18)

